0 info it worked if it ends with ok
1 verbose cli [ '/Users/sanli/.nvm/versions/node/v4.1.1/bin/node',
1 verbose cli   '/Users/sanli/.nvm/versions/node/v4.1.1/bin/npm',
1 verbose cli   'adduser' ]
2 info using npm@2.14.4
3 info using node@v4.1.1
4 verbose adduser before first PUT { _id: 'org.couchdb.user:sanli',
4 verbose adduser   name: 'sanli',
4 verbose adduser   password: 'XXXXX',
4 verbose adduser   email: 'santal.li@gmail.com',
4 verbose adduser   type: 'user',
4 verbose adduser   roles: [],
4 verbose adduser   date: '2016-01-09T13:01:00.904Z' }
5 verbose request uri https://registry.npmjs.org/-/user/org.couchdb.user:sanli
6 verbose request new user, so can't send auth
7 info attempt registry request try #1 at 21:01:00
8 verbose request id 5a4066973de14581
9 http request PUT https://registry.npmjs.org/-/user/org.couchdb.user:sanli
10 http 400 https://registry.npmjs.org/-/user/org.couchdb.user:sanli
11 verbose headers { 'content-type': 'application/json',
11 verbose headers   'cache-control': 'max-age=300',
11 verbose headers   'content-length': '57',
11 verbose headers   'accept-ranges': 'bytes',
11 verbose headers   date: 'Sat, 09 Jan 2016 13:01:03 GMT',
11 verbose headers   via: '1.1 varnish',
11 verbose headers   connection: 'keep-alive',
11 verbose headers   'x-served-by': 'cache-lhr6328-LHR',
11 verbose headers   'x-cache': 'MISS',
11 verbose headers   'x-cache-hits': '0',
11 verbose headers   'x-timer': 'S1452344462.999454,VS0,VE675' }
12 verbose request invalidating /Users/sanli/.npm/registry.npmjs.org/-/user/org.couchdb.user_3Asanli on PUT
13 verbose adduser back [ { [Error: Unknown error while authenticating : -/user/org.couchdb.user:sanli] statusCode: 400, code: 'E400' },
13 verbose adduser   { ok: false, error: 'Unknown error while authenticating' },
13 verbose adduser   '{"ok":false,"error":"Unknown error while authenticating"}' ]
14 verbose stack Error: Unknown error while authenticating : -/user/org.couchdb.user:sanli
14 verbose stack     at makeError (/Users/sanli/.nvm/versions/node/v4.1.1/lib/node_modules/npm/node_modules/npm-registry-client/lib/request.js:263:12)
14 verbose stack     at CachingRegistryClient.<anonymous> (/Users/sanli/.nvm/versions/node/v4.1.1/lib/node_modules/npm/node_modules/npm-registry-client/lib/request.js:251:14)
14 verbose stack     at Request._callback (/Users/sanli/.nvm/versions/node/v4.1.1/lib/node_modules/npm/node_modules/npm-registry-client/lib/request.js:171:14)
14 verbose stack     at Request.self.callback (/Users/sanli/.nvm/versions/node/v4.1.1/lib/node_modules/npm/node_modules/request/request.js:198:22)
14 verbose stack     at emitTwo (events.js:87:13)
14 verbose stack     at Request.emit (events.js:172:7)
14 verbose stack     at Request.<anonymous> (/Users/sanli/.nvm/versions/node/v4.1.1/lib/node_modules/npm/node_modules/request/request.js:1073:14)
14 verbose stack     at emitOne (events.js:82:20)
14 verbose stack     at Request.emit (events.js:169:7)
14 verbose stack     at IncomingMessage.<anonymous> (/Users/sanli/.nvm/versions/node/v4.1.1/lib/node_modules/npm/node_modules/request/request.js:1019:12)
15 verbose statusCode 400
16 verbose cwd /Users/sanli/Documents/workspace/cag-h5
17 error Darwin 15.2.0
18 error argv "/Users/sanli/.nvm/versions/node/v4.1.1/bin/node" "/Users/sanli/.nvm/versions/node/v4.1.1/bin/npm" "adduser"
19 error node v4.1.1
20 error npm  v2.14.4
21 error code E400
22 error Unknown error while authenticating : -/user/org.couchdb.user:sanli
23 error If you need help, you may report this error at:
23 error     <https://github.com/npm/npm/issues>
24 verbose exit [ 1, true ]
